epoch;loss;lr;val_loss
0;10.808241458423836;0.0005;5.150215664010871
1;4.998024294019446;0.0005;3.6789129906446227
2;3.9869591641080673;0.0005;3.111121845944308
3;3.4905945728876246;0.0005;2.85781907753758
4;3.1825936859680692;0.0005;2.6757129328841107
5;2.9733441871186512;0.0005;2.5440973436599448
6;2.8025137065779915;0.0005;2.44545195690972
7;2.6782152608835506;0.0005;2.3878387131209484
8;2.5671815800196547;0.0005;2.2742127871280386
9;2.4856036104404495;0.0005;2.173509413503863
10;2.398913526185459;0.0005;2.1665352929492725
11;2.354247343656717;0.0005;2.135121657133879
12;2.2954928543497326;0.0005;2.1008967239082055
13;2.243097738354883;0.0005;2.0558831208789
14;2.2126654008022046;0.0005;2.051503936514404
15;2.164941207535945;0.0005;2.102933388166979
16;2.1127728576809144;0.0005;1.980169947389574
17;2.082495307488169;0.0005;1.9286776150088356
18;2.0580716183715904;0.0005;1.889227339785534
19;2.0263221487502623;0.0005;1.8904215451269275
20;2.001951505516797;0.0005;2.0226359539923138
21;1.9815812049707886;0.0005;1.8894060913242812
22;1.9553267013869193;0.0005;1.8688966807354157
23;1.9413785269145685;0.0005;1.8941284372965754
24;1.9296873309762508;0.0005;1.8578588171871167
25;1.888937743017934;0.0005;1.9729793701648517
26;1.8948236724611365;0.0005;1.833771778652839
27;1.8552567940035187;0.0005;1.8185407267913756
28;1.8532610983826932;0.0005;1.82297406510635
29;1.8423400654241788;0.0005;1.809053978406451
30;1.8422507972674838;0.0005;1.8518457014465566
31;1.8153410740545672;0.0005;1.826212974950817
32;1.8075375295249956;0.0005;1.8041199034971795
33;1.7934325078089712;0.0005;1.8090263400894229
34;1.7905798307030156;0.0005;1.7967926163092887
35;1.7872864460230027;0.0005;1.7768847739827556
36;1.7663253854032295;0.0005;1.7732271584849015
37;1.7398335977659638;0.0005;1.7716256499848653
38;1.739631396775166;0.0005;1.7720524697330953
39;1.7299483216938745;0.0005;1.7875942250270798
40;1.7365986759256733;0.0005;1.7461955690398472
41;1.7317531632664054;0.0005;1.8073390721546712
42;1.7204239907141665;0.0005;1.765505197442801
43;1.7114686468378677;0.0005;1.7342556481665237
44;1.7008702816271397;0.0005;1.8023065147065962
45;1.6984087480101528;0.0005;1.7631970968837654
46;1.6808999877273707;0.0005;1.740649030631839
47;1.682051542811059;0.0005;1.728342169841163
48;1.6725910535437583;0.0005;1.76833285902193
49;1.677579926025696;0.0005;1.7793692039987163
50;1.6739189883794516;0.0005;1.7412294675065174
51;1.6570919027290065;0.0005;1.7458326802968203
52;1.6609541934330148;0.0005;1.7129614847660648
53;1.6439051093241996;0.0005;1.7464530586662432
54;1.6594852547742118;0.0005;1.713389497844909
55;1.660743115296738;0.0005;1.7591765187923412
56;1.6623326662743412;0.0005;1.7942787619726277
57;1.6455961869650364;0.0005;1.7777090361190153
58;1.6447262568121328;0.0005;1.7471775365720355
59;1.6382593151567535;0.0005;1.7551785713419659
60;1.6462323812306943;0.0005;1.734105662239491
61;1.6273113794873202;0.0005;1.7580063329942839
62;1.6356674808201008;0.0005;1.7185379521684654
63;1.6251929213891183;0.0005;1.7020823918525676
64;1.640769576241904;0.0005;1.739758400810755
65;1.6172512254301163;0.0005;1.7282679583209928
66;1.6183551403960403;0.0005;1.725748944275251
67;1.632307546999315;0.0005;1.7532300906261908
68;1.6079874630494428;0.0005;1.7420353100723087
69;1.6107383622731701;0.0005;1.7451944606142051
70;1.610848589943516;0.0005;1.7594089177755656
71;1.6287925600114277;0.0005;1.7868646870970921
72;1.6233900043205864;0.0005;1.7675078090899154
73;1.621439902034183;0.0005;1.7623276426320356
74;1.6184695170188843;0.0005;1.7653731652914701
75;1.6164463427360614;0.0005;1.730868699471997
76;1.6079243819924587;0.0005;1.7337773276996535
77;1.610848892178635;0.0005;1.731374090464622
78;1.5981468614562544;0.0005;1.7144742579311618
79;1.4307082013243355;0.000100000005;1.5724119521337727
80;1.3454290882464777;0.000100000005;1.5741881837625458
81;1.3022476423610017;0.000100000005;1.5557467014459037
82;1.2855108081150022;0.000100000005;1.552845613927814
83;1.2689345452715368;0.000100000005;1.5229616025493082
84;1.255608063083884;0.000100000005;1.5307004338658206
85;1.2400705751521277;0.000100000005;1.5344982579417212
86;1.222836277076293;0.000100000005;1.525359720137298
87;1.212473004260907;0.000100000005;1.522918880883762
88;1.2028304631172373;0.000100000005;1.5119878240961109
89;1.2066290068522016;0.000100000005;1.5170461492072973
90;1.1952439397694852;0.000100000005;1.5054980450058022
91;1.182411346989665;0.000100000005;1.533241239676695
92;1.1768512291141349;0.000100000005;1.521439324390956
93;1.1720472808974767;0.000100000005;1.5256596361969503
94;1.1640800063574668;0.000100000005;1.4940433765910202
95;1.1616022529444325;0.000100000005;1.5609721855688172
96;1.1624042301244704;0.000100000005;1.4954566455776848
97;1.15549905917307;0.000100000005;1.5201302481426915
98;1.1503165762505412;0.000100000005;1.491266950946726
99;1.1434653789306135;0.000100000005;1.507730078237307
100;1.1364306926106522;0.000100000005;1.5511722386441518
101;1.1416565235035507;0.000100000005;1.5157042006546395
102;1.1292399622046068;0.000100000005;1.5188451835746097
103;1.1283653767423674;0.000100000005;1.4986151032368213
104;1.1279911233637077;0.000100000005;1.4845260151992596
105;1.1270042323492901;0.000100000005;1.4950624275406525
106;1.1254977848130023;0.000100000005;1.5084552667209885
107;1.128050446337348;0.000100000005;1.4918205731818361
108;1.1056984300047978;0.000100000005;1.504616362834501
109;1.1039224967292003;0.000100000005;1.524571624875724
110;1.100238594049183;0.000100000005;1.504837056373152
111;1.093793246569299;0.000100000005;1.528526717263004
112;1.0996644646033378;0.000100000005;1.521105712953142
113;1.0909301849536097;0.000100000005;1.4918600389982668
114;1.0979162777936111;0.000100000005;1.506606547805065
115;1.0887821677361489;0.000100000005;1.5131878316863545
116;1.0861284528730697;0.000100000005;1.5017482598254561
117;1.0850857973459427;0.000100000005;1.4991347637840513
118;1.0773490428119983;0.000100000005;1.4880946508884818
119;1.0713472721916486;0.000100000005;1.5260732717423757
120;1.0471275801790276;2.0000001e-05;1.5106488312336734
121;1.0392266576083924;2.0000001e-05;1.5016503624484574
122;1.0348940427847653;2.0000001e-05;1.4876889693899633
123;1.029051618132197;2.0000001e-05;1.485596191477795
124;1.022725750686174;2.0000001e-05;1.4917364908982955
