epoch;loss;lr;val_loss
0;14.173834849482112;0.0005;11.052478016444615
1;7.967759525666248;0.0005;6.974873527118138
2;5.614906875279979;0.0005;5.188260154042925
3;4.617550624530448;0.0005;4.940979604550771
4;4.013644108546299;0.0005;4.448847532953534
5;3.634058528084009;0.0005;3.973430572492736
6;3.4098549994742884;0.0005;3.1832437207017628
7;3.2042212791890785;0.0005;3.2745260585631644
8;3.048988293547033;0.0005;2.9581788135426383
9;2.93513447594138;0.0005;2.9606230292149953
10;2.8173086028940326;0.0005;3.0217126527854377
11;2.7248822776143102;0.0005;2.735592518001795
12;2.660969830586393;0.0005;2.6462105228219714
13;2.587526131555339;0.0005;2.646446120568684
14;2.5050387877942235;0.0005;2.5626025660761766
15;2.4601680120123595;0.0005;2.51151480274541
16;2.3938168895731087;0.0005;2.5653146506633075
17;2.3648941855338714;0.0005;2.472811938055924
18;2.3190440522929903;0.0005;2.4568100435818945
19;2.2636851073708164;0.0005;2.2923735274374484
20;2.24512554016977;0.0005;2.320371685602835
21;2.2067792957414465;0.0005;2.4593056900160652
22;2.196725123448037;0.0005;2.285575592752014
23;2.1315243775431547;0.0005;2.176889119467565
24;2.1203078457686453;0.0005;2.419682979157993
25;2.083529684355968;0.0005;2.2448849509869304
26;2.0594269096356537;0.0005;2.3434920798135654
27;2.019622145291265;0.0005;2.295031199742641
28;1.9861816201086275;0.0005;2.2006849870405025
29;1.9662470521229212;0.0005;2.1313995086721014
30;1.9467902768375338;0.0005;2.220039145329169
31;1.918479538209341;0.0005;2.305803691659655
32;1.9025777450772927;0.0005;2.2102854774679455
33;1.8533921607192165;0.0005;2.2170315006268875
34;1.8546601280614978;0.0005;2.179486642639552
35;1.8348627151644221;0.0005;2.184621541681034
36;1.8127582712349752;0.0005;2.2963253344488996
37;1.8177451432038034;0.0005;2.205339694949133
38;1.7818481061476004;0.0005;2.1710115983337164
39;1.7440709829036232;0.0005;2.136153174947415
40;1.7428893719989527;0.0005;2.1726087495258875
41;1.7558615766407155;0.0005;2.056943833093558
42;1.7111059085797304;0.0005;2.210051433859127
43;1.7190489525989698;0.0005;2.1022646297620877
44;1.7296372007952785;0.0005;2.1090516676115136
45;1.680954997355207;0.0005;2.1969400530947105
46;1.6922110788152858;0.0005;2.067412438903536
47;1.6522467000570116;0.0005;2.1325567814707758
48;1.6761860518104472;0.0005;2.0316891337718284
49;1.674175896768934;0.0005;2.095200691169926
50;1.6507413335172567;0.0005;2.008409269760762
51;1.625078527383196;0.0005;2.01467992286597
52;1.6019238747902078;0.0005;2.1305973361006805
53;1.6135579760836951;0.0005;2.0512114947714974
54;1.6160155263437852;0.0005;2.0301492046298724
55;1.586350239411201;0.0005;2.0423598711937667
56;1.6015904968379189;0.0005;2.1369680100519743
57;1.5565220595611209;0.0005;2.0121841793347683
58;1.5713311170650825;0.0005;1.9572810826557023
59;1.576453533002143;0.0005;2.03649860459779
60;1.5488110593081597;0.0005;1.9957574602589012
61;1.5205086002834145;0.0005;1.9844831839097397
62;1.5378972918922251;0.0005;2.001454896144569
63;1.5488693679133607;0.0005;2.020059498644301
64;1.5277586062557544;0.0005;2.033623876113977
65;1.4993184583306511;0.0005;2.0116768383660486
66;1.5234663919046418;0.0005;1.9777194626948664
67;1.5004895555126971;0.0005;2.0263550590351223
68;1.4843503822824275;0.0005;1.9831433666391032
69;1.4776091424950433;0.0005;2.0393955883543406
70;1.486861373547992;0.0005;2.0556311917198555
71;1.492703528215138;0.0005;2.0137957151713115
72;1.483476805949364;0.0005;2.05896109521389
73;1.4989536296033623;0.0005;1.963293979716088
74;1.4231971714727256;0.000100000005;1.8253385064538037
75;1.3164020711984903;0.000100000005;1.819930295364133
76;1.2651908868153474;0.000100000005;1.813428575832929
77;1.2264960331032153;0.000100000005;1.813840055981917
78;1.1905610056247748;0.000100000005;1.804304441612746
79;1.186637505752606;0.000100000005;1.7847245894984476
80;1.1664323317501772;0.000100000005;1.7790460238020336
81;1.1432374421392613;0.000100000005;1.7791798624609199
82;1.1518970046470924;0.000100000005;1.77374483906797
83;1.1305914961049193;0.000100000005;1.7780296793872756
84;1.1070460435960066;0.000100000005;1.7691694668148246
85;1.103246148256001;0.000100000005;1.7532116187656563
86;1.1059897024194403;0.000100000005;1.7368135938447502
87;1.0763741920745367;0.000100000005;1.7464002987981906
88;1.0823062700848065;0.000100000005;1.7555562894525272
89;1.079703515735658;0.000100000005;1.7875315892217414
90;1.0658432884596911;0.000100000005;1.7512573357405408
91;1.0601626740432317;0.000100000005;1.7557069892995059
92;1.0514691545261012;0.000100000005;1.7763036346355718
93;1.0414228770839449;0.000100000005;1.770619300593223
94;1.0333392937969192;0.000100000005;1.7836438252297895
95;1.022523072433493;0.000100000005;1.765992386511394
96;1.012266150695983;0.000100000005;1.7758876702881286
97;1.0351767434009758;0.000100000005;1.7479847700654396
98;1.0208407189733526;0.000100000005;1.7459839403496258
99;1.0248486376392236;0.000100000005;1.738763828777841
100;1.013505366363085;0.000100000005;1.7828911475491311
101;1.0043004102943824;0.000100000005;1.7477390693633683
102;1.0251533340802859;2.0000001e-05;1.706140966359526
103;1.000658160722895;2.0000001e-05;1.6924274722699608
104;0.9716594538364463;2.0000001e-05;1.6802049812568085
105;0.9868211302535446;2.0000001e-05;1.6803386729317051
106;0.9817067254817148;2.0000001e-05;1.6696169474827391
107;0.9747161142102899;2.0000001e-05;1.6841784053774818
108;0.9597572828347813;2.0000001e-05;1.6652726412537906
109;0.9645281566242729;2.0000001e-05;1.6694483225526555
110;0.9594951249395125;2.0000001e-05;1.6801466777095837
111;0.961508971714829;2.0000001e-05;1.6866555765324405
112;0.9596019952481109;2.0000001e-05;1.6655449897742698
113;0.9603418537260449;2.0000001e-05;1.6686759469152561
114;0.9524502326136909;2.0000001e-05;1.6990202142165176
115;0.9501672596563306;2.0000001e-05;1.6722827132312315
116;0.9452041567955907;2.0000001e-05;1.6680800539627672
117;0.9532172359306799;2.0000001e-05;1.6749233811880861
118;0.9457010835999075;2.0000001e-05;1.6869502125520792
119;0.9319644510639016;2.0000001e-05;1.6774122897482344
0;1.2333292071181787;0.0005;1.9631836372959828
0;195.90773363706083;0.0005
0;22.20603945704869;0.0005;15.352283220442514
0;40.466113706316264;0.0005;18.726959521953876
0;19.335634534563336;0.0005;15.354173576354981
0;73.27332896954886;0.0005
0;76.77016146629295;0.0005
0;43.14892759050642;0.0005;21.54500675201416
0;49.27469867142979;0.0005
0;16.508666932660365;0.0005
0;22.41254336855827;0.0005
0;17.175847265675756;0.0005
0;79.00305668087992;0.0005
0;99.67587044352011;0.0005
0;24.947449574498425;0.0005
0
0
0
0
0
0
0;525.6599264705883;0.0005
0
0
0
0
0;556.1946411132812;0.0005;562.8037719726562
0;524.6853170955883;0.0005
0;443.18717216722894;0.0005;22.39592742919922
0;463.2487922437263;0.0005;22.96187400817871
0;17.825459234007948;0.0005;13.492805654094333
0;12.3795637312674;0.0005;9.769331696487608
1;8.945785056381027;0.0005;6.539042322408585
2;6.635516464877922;0.0005;4.721562105984915
0;4.545615537406509;0.0005;1.5919280253973243
0
0
0;4.771124557842504;0.0005;1.642465944567304
1;1.8925104646433617;0.0005;1.2779429233615907
2;1.5933356837966592;0.0005;1.160781759838976
0;1.4445346100088834;0.0005
0
0;16.382157990960852;0.0005
0;4.574071133543582;0.0005;1.7025419826526147
1;1.8943996190762487;0.0005;1.2790239285533753
2;1.5677925804476016;0.0005;1.1254199095230868
3;1.4187617850307277;0.0005;1.0562730855018196
4;1.3268453037130226;0.0005;0.9778319951412724
5;1.265464937255044;0.0005;0.9643224508237169
6;1.2137149699550962;0.0005;0.9093038397914335
7;1.176604431144062;0.0005;0.8952448262146153
8;1.1509572877870964;0.0005;0.9094611356581764
9;1.120518304008158;0.0005;0.8729891502944828
10;1.1038163688536256;0.0005;0.8612539472147206
11;1.0860252643156396;0.0005;0.8480770065914596
12;1.0811017534595506;0.0005;0.8599070794931616
13;1.0666762147482975;0.0005;0.834059316831538
14;1.0604788120627615;0.0005;0.8662030672594259
15;1.056226536910689;0.0005;0.8649603341408015
16;1.0522371489810485;0.0005;0.8509205581292006
17;1.0528876068778494;0.0005;0.8703240658978129
18;1.04707153783809;0.0005;0.8321983362899311
19;1.04832978104663;0.0005;0.8473274933743584
20;1.043093194851636;0.0005;0.8728096848351304
21;1.047285668928898;0.0005;0.894143226843097
22;1.0464891167577217;0.0005;0.8621461651421646
23;1.0536207680862293;0.0005;0.838681833676588
24;1.051512955133402;0.0005;0.8759001080742455
25;1.0415072104139227;0.0005;0.8568869831741555
26;1.0394830892561058;0.0005;0.8355100469238326
27;1.0452594287056953;0.0005;0.8637222867459546
28;1.0432482948032586;0.0005;0.8329863353113308
29;1.0499240947058655;0.0005;0.8238469140039197
0;1.0276160671405383;0.0005
0;1.0528349637308874;0.0005
0;4.708968261341204;0.0005;1.6110698346018346
1;1.8415253285063122;0.0005;1.2961258312410173
2;1.5366493782380575;0.0005;1.137429206122509
3;1.4021486356138018;0.0005;1.0458171078101026
4;1.3051721696618885;0.0005;0.988922834297327
5;1.244582194386085;0.0005;0.9550864562900095
6;1.1901527715011972;0.0005;0.9184432450607283
7;1.16343750698755;0.0005;0.8868938847637656
8;1.130382576357263;0.0005;0.9157470600643415
9;1.1147721419046979;0.0005;0.8807595599410522
10;1.0973028369547526;0.0005;0.8748353811694654
11;1.0752640201482098;0.0005;0.8490577860166514
12;1.0652321964513496;0.0005;0.8504249092871777
13;1.056540611286544;0.0005;0.8482111371937024
14;1.0477812773706114;0.0005;0.8545798908793716
15;1.0398855789297416;0.0005;0.8272110527923312
16;1.0346211683417543;0.0005;0.8440059573718163
17;1.0338883462892725;0.0005;0.8548106084160132
18;1.0208272706545123;0.0005;0.839181970745289
19;1.017897211636984;0.0005;0.8523911683340378
20;1.0213730898342672;0.0005;0.8103748824373727
21;1.0238745183446012;0.0005;0.8314518455712094
22;1.0128020868710568;0.0005;0.8783332442639384
23;1.0071143854179079;0.0005;0.8264221387965075
24;1.0195540442806768;0.0005;0.8432031802117391
25;1.0165328223334817;0.0005;0.8376187790943102
26;1.0212426938229908;0.0005;0.8561094994615274
27;1.010443293562649;0.0005;0.8120088895234963
28;1.0183126294610374;0.0005;0.83172530507522
29;1.0218557725551898;0.0005;0.8159263905551482
30;1.0198360534688908;0.0005;0.843229458459876
31;1.0150176068697885;0.0005;0.8608214693290809
32;1.0284174354753826;0.0005;0.8629720992520412
33;1.0358782122783892;0.0005;0.8272764469154673
34;1.032987785351633;0.0005;0.8591585675514981
35;1.0357339623512403;0.0005;0.8251755043996948
36;0.9102989996583446;0.000100000005;0.7362038392422114
37;0.8586129120746766;0.000100000005;0.7282534294212633
38;0.8240991617830794;0.000100000005;0.7495258493608009
39;0.8153580933928568;0.000100000005;0.710454568732042
40;0.8034010029871261;0.000100000005;0.7045035716170623
41;0.7936627496577153;0.000100000005;0.6978706131167729
42;0.7824825304013324;0.000100000005;0.7015690104670007
43;0.7720048255731518;0.000100000005;0.7030468112446373
44;0.7711499863762817;0.000100000005;0.6960719411683134
45;0.7668337277695205;0.000100000005;0.6902388639287313
46;0.756828846863087;0.000100000005;0.6844390325561447
47;0.7506983245480058;0.000100000005;0.673590800391716
48;0.7510333029381078;0.000100000005;0.6765824202432275
49;0.7440294289161238;0.000100000005;0.6784218352022369
50;0.7389470135862587;0.000100000005;0.6769659139996277
51;0.7355770154006179;0.000100000005;0.6674045100338579
52;0.7332944609641605;0.000100000005;0.6737929198459414
53;0.7310064567689073;0.000100000005;0.6660009146195526
54;0.7206085376615178;0.000100000005;0.693671298918747
55;0.7221234081808039;0.000100000005;0.6744356791693971
56;0.7162317360171505;0.000100000005;0.6641925228820629
57;0.7168829800386237;0.000100000005;0.6785218299386292
58;0.7116599972802673;0.000100000005;0.6704856098282911
59;0.7071440278034558;0.000100000005;0.6743572102344925
60;0.7053051426058701;0.000100000005;0.6714976912284111
61;0.7040321845358094;0.000100000005;0.657585500628283
62;0.7010691662550037;0.000100000005;0.6624366791383205
63;0.6990242059616933;0.000100000005;0.6683800688066855
64;0.7027381229279464;0.000100000005;0.6521367996647143
65;0.6967850625551957;0.000100000005;0.6553957642357545
66;0.6932524259008471;0.000100000005;0.6448218010164966
67;0.6935277299907615;0.000100000005;0.6718980916342788
68;0.6872506082673225;0.000100000005;0.6590480180252334
69;0.6920839002051873;0.000100000005;0.6566283131457842
70;0.685338061215981;0.000100000005;0.6535635206376623
71;0.6828651546400563;0.000100000005;0.6500143555974546
72;0.682480695198533;0.000100000005;0.6631519948394561
73;0.6807678440241735;0.000100000005;0.6417375763566241
74;0.6817120012099067;0.000100000005;0.6497234225594144
75;0.682171671785319;0.000100000005;0.6490907111625207
76;0.6738684397496876;0.000100000005;0.6679874979573774
77;0.6730013937848022;0.000100000005;0.6536387165219485
78;0.6713910161577945;0.000100000005;0.6485657842162432
79;0.6683074467739378;0.000100000005;0.6519816248803783
80;0.6665523577252176;0.000100000005;0.6558417105215961
81;0.6685540810342496;0.000100000005;0.6572267538305634
82;0.6702799500848609;0.000100000005;0.6529767461669436
83;0.6662950059908683;0.000100000005;0.6427103382071325
84;0.6623660475947966;0.000100000005;0.6524188789037032
85;0.6639665024370314;0.000100000005;0.6550689984912823
86;0.6607499469848216;0.000100000005;0.6627986118800678
87;0.663629279177927;0.000100000005;0.653473951441815
88;0.6568108327255329;0.000100000005;0.6461629550364951
89;0.6339626063561122;2.0000001e-05;0.6466764245599883
90;0.6279134154418123;2.0000001e-05;0.6332540069234734
91;0.624973686701772;2.0000001e-05;0.6344091406783832
92;0.6202648105896006;2.0000001e-05;0.6426774669506169
93;0.6196900835636138;2.0000001e-05;0.644974983668671
94;0.6161681717346517;2.0000001e-05;0.6404995415499994
95;0.6181571812757791;2.0000001e-05;0.6273893866607029
96;0.616206980603306;2.0000001e-05;0.6376339976079157
97;0.6119016512153435;2.0000001e-05;0.6299525183401592
98;0.607073629748783;2.0000001e-05;0.6271871938316503
99;0.6102060228202175;2.0000001e-05;0.628800150617199
0;3.3424392461276597;0.0005;1.0078763766661005
1;1.182186301989839;0.0005;0.8116113051750619
2;0.9979626198175306;0.0005;0.6954429323839746
3;0.9152893897241328;0.0005;0.6651876591264618
4;0.8628385738912974;0.0005;0.6628419047709616
5;0.8216446877777149;0.0005;0.6365146018269965
6;0.7973430911926317;0.0005;0.6087608659113456
7;0.7751044232802746;0.0005;0.6092609010011503
8;0.7595362073846584;0.0005;0.5863698590537698
9;0.7554444798570852;0.0005;0.5945236983591021
10;0.7495292364143344;0.0005;0.5812932036513799
11;0.7400788695110081;0.0005;0.5981562330687757
12;0.7371128951584598;0.0005;0.571418685183277
13;0.7359719118775477;0.0005;0.5838360281258007
14;0.7376794326061338;0.0005;0.5883771463375985
15;0.7408388153128258;0.0005;0.5759575201006949
16;0.7385347938269491;0.0005;0.566085047311102
17;0.7397613519932583;0.0005;0.5751202425018493
18;0.7484599545654251;0.0005;0.5930908188159342
19;0.7533767906163523;0.0005;0.5672669445858877
20;0.7526206800573398;0.0005;0.5999987537862237
21;0.7574716194509897;0.0005;0.605328457062462
22;0.7713701748654392;0.0005;0.5815917249858475
23;0.7783453592795448;0.0005;0.6108697893191922
24;0.7767054443019314;0.0005;0.590463065248231
25;0.7863955508194269;0.0005;0.6077832757858541
26;0.7920468379852659;0.0005;0.6170278142208505
27;0.8113401879744635;0.0005;0.647627652826772
28;0.8152159604625988;0.0005;0.6661870260575796
29;0.8275053090371264;0.0005;0.6371441019418269
30;0.8340481385641567;0.0005;0.646511295676468
31;0.8410756973152873;0.0005;0.6293970740911964
32;0.7173274017839141;0.000100000005;0.5428148149153628
33;0.6686538274124147;0.000100000005;0.5317136500666275
34;0.6405274462028023;0.000100000005;0.5226613888526933
35;0.6319221383414914;0.000100000005;0.5179522150190341
36;0.6217533298796414;0.000100000005;0.49699001927170433
37;0.6107492385487326;0.000100000005;0.49795931342823924
38;0.6036161095308388;0.000100000005;0.5075796241759181
39;0.5956702350757029;0.000100000005;0.4964383093128804
40;0.588371142960617;0.000100000005;0.5045574365278856
41;0.5862821029827509;0.000100000005;0.5053652950473948
42;0.5868256867731848;0.000100000005;0.49591979651011103
43;0.5795493212872191;0.000100000005;0.4834401924935393
44;0.5791524633409197;0.000100000005;0.48655790246193026
45;0.5760503515035396;0.000100000005;0.4958620417508853
46;0.5688314298127227;0.000100000005;0.4950829859099567
47;0.5665323384388173;0.000100000005;0.48959612577018274
48;0.5641208233660476;0.000100000005;0.4833626921370854
49;0.5618929345492464;0.000100000005;0.4725686749009237
50;0.5570824889847705;0.000100000005;0.47707887266530946
51;0.5581899185365621;0.000100000005;0.4891868790814951
52;0.5561189684315612;0.000100000005;0.4878661295734669
53;0.5553740202563319;0.000100000005;0.4765513344241606
54;0.5494049755276859;0.000100000005;0.47497501446314755
55;0.5498243623005111;0.000100000005;0.4772289131631429
56;0.5493195826068754;0.000100000005;0.4752557639986491
57;0.544568469285962;0.000100000005;0.47193329484812174
58;0.544621778126034;0.000100000005;0.4671506241996426
59;0.5410344613682402;0.000100000005;0.4717003961542994
60;0.5397848256611733;0.000100000005;0.4762653827771835
61;0.538743661490039;0.000100000005;0.4796297090178305
62;0.5354750221525434;0.000100000005;0.4713106980597931
63;0.53779629446395;0.000100000005;0.46308786759218423
64;0.534461959649274;0.000100000005;0.4603261455995523
65;0.5353909444057097;0.000100000005;0.4617278535881451
66;0.5290677278046008;0.000100000005;0.46021161989692216
67;0.5282024162331859;0.000100000005;0.47088197911796775
68;0.5209741141760409;0.000100000005;0.47256700995029943
69;0.5253778179070602;0.000100000005;0.48037974382315374
70;0.5255425369752406;0.000100000005;0.45776298675295324
71;0.5216680114704099;0.000100000005;0.4494821627621817
72;0.5250624331321346;0.000100000005;0.4536677803431385
73;0.5212182665086526;0.000100000005;0.45066262717160854
74;0.5225241518114938;0.000100000005;0.454963327301166
75;0.5232948990048006;0.000100000005;0.4628532801362681
76;0.5241557502400139;0.000100000005;0.46774403649031143
77;0.5230441882824163;0.000100000005;0.4606215053244607
78;0.5165195008629349;0.000100000005;0.45801222704478417
79;0.5123627942817509;0.000100000005;0.45783040534816843
80;0.5167552905855304;0.000100000005;0.4581191780156326
81;0.5159054320203569;0.000100000005;0.4585401736363081
82;0.5170227916293;0.000100000005;0.4622085659582346
83;0.5110844998565899;0.000100000005;0.44950654148821734
84;0.5127357325975787;0.000100000005;0.461680840138267
85;0.5061888477714208;0.000100000005;0.46172840958848455
86;0.5101274701038638;0.000100000005;0.46508927751511225
87;0.4950375628205255;2.0000001e-05;0.45077108937339583
88;0.48563007916880757;2.0000001e-05;0.4394882901191035
89;0.48347385022057004;2.0000001e-05;0.4420056386260159
90;0.4789462953379491;2.0000001e-05;0.4397294155782721
91;0.4749407204989836;2.0000001e-05;0.44218648867419363
92;0.47247987869678143;2.0000001e-05;0.43508615102398607
93;0.4733072143710452;2.0000001e-05;0.4337805110056102
94;0.47154140933729366;2.0000001e-05;0.4341128097251533
95;0.47101591355662864;2.0000001e-05;0.43437288037444705
96;0.46772112845307745;2.0000001e-05;0.4337790957156867
97;0.46780401434143526;2.0000001e-05;0.43676207435169284
98;0.46827969627888744;2.0000001e-05;0.4407594634791255
99;0.4676702846261829;2.0000001e-05;0.43685842140503933
0;0.41021872559989486;0.0005
0;0.5332100612903449;0.0005
0
0;10.845506177242912;0.0005;5.427508260217474
0;4.922048162025411;0.0005;3.563583234816498
1;3.843325463072087;0.0005;2.964646373053327
2;3.3714481305235404;0.0005;2.72451342649588
3;3.0846860834584917;0.0005;2.512047771861965
4;2.889128132876894;0.0005;2.3590573992228276
0;10.587853074746585;0.0005;5.257555052201212
0;10.41734256065765;0.0005;5.135551245864906
1;4.7920129785517185;0.0005;3.5265937799933678
2;3.81210493362407;0.0005;3.0009368209574823
0;10.634026496442415;0.0005;5.3994705673149435
1;5.0532756532723555;0.0005;3.832995677809762
2;3.9369027856382988;0.0005;3.1065295093999237
3;3.429792832459858;0.0005;2.804315587305479
4;3.124822340894829;0.0005;2.57109055418145
5;2.9235238220121955;0.0005;2.452743969008278
6;2.772289797350701;0.0005;2.385464433883999
7;2.667774125814868;0.0005;2.3146469877480684
8;2.5722137175042183;0.0005;2.2438654195311014
9;2.4946109576708584;0.0005;2.157695961163564
10;2.4117980886970565;0.0005;2.12351257836974
11;2.365359149744507;0.0005;2.1154177894615582
12;2.322232240916006;0.0005;2.0439911501221237
13;2.2694792792997815;0.0005;2.0325491434685183
14;2.2163748141531405;0.0005;2.0166749638726733
15;2.180185150332342;0.0005;1.9975536410068844
16;2.16427282060206;0.0005;2.004277877825091
17;2.1345982975677344;0.0005;1.9777178875737935
18;2.0807838322532013;0.0005;1.9702070499815847
19;2.0785410269924074;0.0005;1.9365872747783552
20;2.040625546334988;0.0005;1.8965043907056802
21;2.0181463136389013;0.0005;1.8877473049569595
22;2.005275668669671;0.0005;1.8569056786451161
23;1.977176098900676;0.0005;1.841479189208548
24;1.975808127541508;0.0005;1.888027164199259
25;1.9499141536850284;0.0005;1.8402514611325358
26;1.9339347770838045;0.0005;1.8593338694095807
27;1.9068533514778103;0.0005;1.8823912077574272
28;1.8958124409828496;0.0005;1.7896562795782711
29;1.8835854252217612;0.0005;1.7881639501632036
30;1.8715935221009419;0.0005;1.8240684337355804
31;1.87851991680042;0.0005;1.8542559149550693
32;1.8524329568617435;0.0005;1.8369401205780063
33;1.8603090408405043;0.0005;1.8129790167563902
34;1.8474285198217246;0.0005;1.8267112830805468
35;1.8455613014439594;0.0005;1.8006265496149514
36;1.8471588792913682;0.0005;1.8359777982489294
37;1.823543517815822;0.0005;1.7652395485205643
38;1.8397218936496902;0.0005;1.8229872744275615
39;1.8044470428550001;0.0005;1.8284240480306093
40;1.8084465666279754;0.0005;1.7656219423860797
41;1.8142819054714774;0.0005;1.8068115976957622
42;1.8074144490651451;0.0005;1.771669085759439
43;1.7982838890738684;0.0005;1.7810582186395745
44;1.771205801919277;0.0005;1.9580817830776158
45;1.789831050732598;0.0005;1.7758038080257974
46;1.803962575454338;0.0005;1.7684819317917289
47;1.784513229485262;0.0005;1.8410170981023424
48;1.7720896264690653;0.0005;1.7681526859148318
49;1.7881601278178596;0.0005;1.795726311796554
50;1.776563940357668;0.0005;1.7772227372088338
51;1.7712968011717942;0.0005;1.752437988241546
52;1.7619603402202109;0.0005;1.7609559359386904
53;1.7818942126423136;0.0005;1.7990774286103948
54;1.7803578831998024;0.0005;1.7744186137005056
55;1.7620235751726285;0.0005;1.803704511447042
56;1.779705919147183;0.0005;1.8170041107612052
57;1.7760132116599878;0.0005;1.804388346823982
58;1.78735236307606;0.0005;1.8023466893535482
59;1.7750757990058488;0.0005;1.8104065821751807
60;1.761994335361056;0.0005;1.940284788729896
61;1.7560761900599273;0.0005;1.8016422114635329
62;1.7759799796914724;0.0005;1.822045573036426
63;1.7784503822130857;0.0005;1.7982223546587488
64;1.7829964607390474;0.0005;1.758646887960671
65;1.7560966521936776;0.0005;1.8519566096365452
66;1.7724947217365705;0.0005;1.8279472712536589
67;1.5750333026078398;0.000100000005;1.648168870712045
68;1.482522072497342;0.000100000005;1.6190069206423015
69;1.4452417997739047;0.000100000005;1.634093336372694
70;1.4224238292491684;0.000100000005;1.6054554403204386
71;1.3966972936850162;0.000100000005;1.5838026097984772
72;1.3837871804877628;0.000100000005;1.587011629600284
73;1.372839070578697;0.000100000005;1.5309520238519005
74;1.3608609086824086;0.000100000005;1.5859157261878543
75;1.3525805398071875;0.000100000005;1.5540311668213784
76;1.3446154731867193;0.000100000005;1.5539776813360204
77;1.3314513542989637;0.000100000005;1.5347168164916263
78;1.3177340733531244;0.000100000005;1.5299529951514754
79;1.3109921916678584;0.000100000005;1.5416315521146944
80;1.3006875965044804;0.000100000005;1.535077645755843
81;1.2959954059997236;0.000100000005;1.5331678265396276
82;1.2885938020160894;0.000100000005;1.5363982335242659
83;1.2926744737657443;0.000100000005;1.5453789523993815
84;1.2893263319229908;0.000100000005;1.5171693626560683
85;1.2823797356212243;0.000100000005;1.5406209085840452
86;1.2690603957017998;0.000100000005;1.5380837025381746
87;1.2671989346967911;0.000100000005;1.5204157307865371
88;1.2628843704992934;0.000100000005;1.521906435356175
89;1.2652543105573881;0.000100000005;1.5392175903028114
90;1.262399502691156;0.000100000005;1.5611411871613043
91;1.2568851071564586;0.000100000005;1.5363800038768627
92;1.24834252792052;0.000100000005;1.5263999807633193
93;1.2316335465544672;0.000100000005;1.5455854577876942
94;1.2393047973810984;0.000100000005;1.5341283462165038
95;1.2258269345816875;0.000100000005;1.5340803492790034
96;1.2211311476361157;0.000100000005;1.5236589728159897
97;1.2252039781740118;0.000100000005;1.5310401828832172
98;1.2188473480597053;0.000100000005;1.5414393081144713
99;1.2124783965135983;0.000100000005;1.5306267315637114
0;10.585831731417391;0.0005;5.014821983509809
1;4.775051716104078;0.0005;3.493441845869785
2;3.7896986084680195;0.0005;2.9715518948989117
3;3.3440092716249223;0.0005;2.664102659454563
4;3.073065178337581;0.0005;2.5541171482991705
5;2.885737884313071;0.0005;2.457516833897134
6;2.759217231655964;0.0005;2.3581957625595287
7;2.634945709008838;0.0005;2.243912009249293
8;2.5425894257215926;0.0005;2.1691219425162584
9;2.4526694397266855;0.0005;2.2214832299112883
10;2.3787302144286646;0.0005;2.2186341903351416
11;2.324008206762263;0.0005;2.1070025861748656
12;2.2869338416169573;0.0005;2.055506832849125
13;2.227434233622574;0.0005;2.107757112806123
14;2.1734927437890432;0.0005;2.007955572989554
15;2.1261468359335365;0.0005;1.9455279655487607
16;2.0969400541690963;0.0005;1.9505921164193836
17;2.064490379803453;0.0005;1.8924476175238334
18;2.0362853336748308;0.0005;1.936081082890787
19;2.0028766299990615;0.0005;1.8764937074933845
20;1.9768682935200845;0.0005;1.887683601789055
21;1.9697489470595457;0.0005;1.8179535132860127
22;1.9316249264398433;0.0005;1.8420631282444109
23;1.9208761695591423;0.0005;1.8248654798838138
24;1.8950541194574075;0.0005;1.8026587549560622
25;1.8888981450534847;0.0005;1.8198437808924854
26;1.8718589503252396;0.0005;1.805270079256366
27;1.8494653251721553;0.0005;1.7786084363898353
28;1.8260787549811368;0.0005;1.8048428780359826
29;1.8111354928387184;0.0005;1.813033206916205
30;1.7949304074064603;0.0005;1.7564457335087686
31;1.7846174022061334;0.0005;1.76155355560566
32;1.7673657370666536;0.0005;1.809988074101726
33;1.7612770161558253;0.0005;1.7661437945082443
34;1.7593070838251212;0.0005;1.7786642906380399
35;1.7537635747828173;0.0005;1.7669354860431208
36;1.742696965254712;0.0005;1.7889227517167599
37;1.7382499927426949;0.0005;1.8038228239366596
38;1.7305845136732485;0.0005;1.7793042242818236
39;1.719830188414061;0.0005;1.710359721526455
40;1.706158749854134;0.0005;1.723020209575903
41;1.7046429394232967;0.0005;1.7422881288035297
42;1.6911839253737913;0.0005;1.7011200274046547
43;1.683271323591722;0.0005;1.729057893860806
44;1.6803945640851228;0.0005;1.7374736833286013
45;1.6785353939886416;0.0005;1.6918086110817494
46;1.6604941846884003;0.0005;1.7300886512652087
47;1.6685493684346648;0.0005;1.7284706959361362
48;1.6597081633201132;0.0005;1.713097634358204
49;1.6424488978818177;0.0005;1.702154706010795
50;1.6491376358696863;0.0005;1.7266949859329466
51;1.639369753336396;0.0005;1.754535842504874
52;1.6254297507771953;0.0005;1.7259841738359742
53;1.6350843639470052;0.0005;1.7101033623982524
54;1.6241423704188316;0.0005;1.7275591087118034
55;1.6227543526559127;0.0005;1.7417309366482088
56;1.6184151100173922;0.0005;1.7568874223224504
57;1.625949197030299;0.0005;1.8377388860751247
58;1.6181833950378177;0.0005;1.758392375472217
59;1.6047339414803916;0.0005;1.7942413225381693
60;1.6112312677955727;0.0005;1.7748794888088584
61;1.4120580199040578;0.000100000005;1.571741239668298
62;1.3288079138831983;0.000100000005;1.5569628366672643
63;1.3096577494325607;0.000100000005;1.5493699101433887
64;1.2948170573537163;0.000100000005;1.5403987159194115
65;1.2641148783377953;0.000100000005;1.5278059868597051
66;1.248425165161056;0.000100000005;1.5298549821084602
67;1.2378704704610008;0.000100000005;1.5526763924946614
68;1.2287672787372401;0.000100000005;1.5295582562078287
69;1.213881257398005;0.000100000005;1.534031497405581
70;1.1990381223003561;0.000100000005;1.5118466266203392
71;1.1935675038681428;0.000100000005;1.5341507323717256
72;1.183920146821681;0.000100000005;1.541902119858063
73;1.1872064042711796;0.000100000005;1.5039380191664549
74;1.1737068927479837;0.000100000005;1.507731726253557
75;1.1738933433449177;0.000100000005;1.5078771529773838
76;1.160447980320536;0.000100000005;1.5007889873988272
77;1.160395925052088;0.000100000005;1.5187575272876004
78;1.1525121196742913;0.000100000005;1.5118771617146094
79;1.1439612156350576;0.000100000005;1.5166582332784462
80;1.138207383894283;0.000100000005;1.5246865357536252
81;1.1384914208134411;0.000100000005;1.5158603817637075
82;1.1322961999215595;0.000100000005;1.5180806310465165
83;1.126264169596319;0.000100000005;1.5199116756745192
84;1.1179091691135903;0.000100000005;1.5135112126215273
85;1.1294544221644884;0.000100000005;1.5305101333082887
86;1.1123635811022337;0.000100000005;1.5174808854401014
87;1.1146185730675056;0.000100000005;1.5104211466963302
88;1.1138961910915366;0.000100000005;1.5255213570614203
89;1.1021101483388631;0.000100000005;1.5243858936931391
90;1.100726697999034;0.000100000005;1.5165250918218192
91;1.0977190676912931;0.000100000005;1.510468180676625
92;1.0602097345139265;2.0000001e-05;1.4990119206133612
93;1.0611848820053125;2.0000001e-05;1.4966581606090748
94;1.0414403141985848;2.0000001e-05;1.5015615870818155
95;1.0435189381922394;2.0000001e-05;1.516404780161837
96;1.044032110053793;2.0000001e-05;1.5007456882283432
97;1.0389426480448773;2.0000001e-05;1.4864113587971037
98;1.0407068424874897;2.0000001e-05;1.4953029029411098
99;1.0356156774250604;2.0000001e-05;1.4874044502038715
100;1.0296041203177557;2.0000001e-05;1.501432461524534
101;1.0364954053290076;2.0000001e-05;1.5034740733813967
102;1.0354310085442864;2.0000001e-05;1.5085465067129957
103;1.0279478385542509;2.0000001e-05;1.4934443275441176
104;1.0346725724753254;2.0000001e-05;1.5002251792007433
105;1.0259474644465285;2.0000001e-05;1.5067278523459204
106;1.0130150501599013;2.0000001e-05;1.4854796876712226
107;1.0219649687893189;2.0000001e-05;1.4881616449923973
108;1.0275951004170683;2.0000001e-05;1.502398278916115
109;1.021755757979568;2.0000001e-05;1.4853634314326394
110;1.0159558067842256;2.0000001e-05;1.5072585508251617
111;1.0239413643237731;2.0000001e-05;1.487289912155329
112;0.999815154195789;2.0000001e-05;1.4988958419024556
113;1.0097640581728553;2.0000001e-05;1.4965804829125684
114;1.0107833152628107;2.0000001e-05;1.4988450620335554
115;1.0070180494010763;2.0000001e-05;1.4966888215259349
116;1.0059043273504003;2.0000001e-05;1.501600410340275
117;1.0061530112316799;2.0000001e-05;1.490307427433104
118;1.0026310453425598;2.0000001e-05;1.4949814471012703
119;1.0087419271895248;2.0000001e-05;1.5023385916536232
120;1.0149684641329262;2.0000001e-05;1.4943475001021393
121;1.00263450408397;2.0000001e-05;1.4975044216463154
122;1.00453223967702;2.0000001e-05;1.5100174609947865
123;0.9998436153512451;2.0000001e-05;1.4969231888518368
124;0.997473399490751;2.0000001e-05;1.4953386361683425
125;0.9898853035936418;4.0000004e-06;1.5021983624499666
126;0.9945768795856778;4.0000004e-06;1.4928494974703859
127;0.9909994510500582;4.0000004e-06;1.4961950827802528
128;0.9904042624044205;4.0000004e-06;1.5021173512071662
129;0.9944165125008049;4.0000004e-06;1.507217509483961
